<?xml version="1.0" encoding="UTF-8"?>
<!-- Generated by org.testng.reporters.JUnitReportReporter -->
<testsuite hostname="DESKTOP-U1KFR28" failures="0" tests="2" name="TestNGTest.TestClass" time="17.650" errors="0" timestamp="2023-10-17T16:34:51 IST" skipped="0">
  <testcase classname="TestNGTest.TestClass" name="bookFreeSession" time="10.684"/>
  <testcase classname="TestNGTest.TestClass" name="bookFreeSession" time="6.966"/>
</testsuite> <!-- TestNGTest.TestClass -->
